#
# There is insufficient memory for the Java Runtime Environment to continue.
# Native memory allocation (mmap) failed to map 268435456 bytes for Failed to commit area from 0x00000006c0800000 to 0x00000006d0800000 of length 268435456.
# Possible reasons:
#   The system is out of physical RAM or swap space
#   The process is running with CompressedOops enabled, and the Java Heap may be blocking the growth of the native heap
# Possible solutions:
#   Reduce memory load on the system
#   Increase physical memory or swap space
#   Check if swap backing store is full
#   Decrease Java heap size (-Xmx/-Xms)
#   Decrease number of Java threads
#   Decrease Java thread stack sizes (-Xss)
#   Set larger code cache with -XX:ReservedCodeCacheSize=
# This output file may be truncated or incomplete.
#
#  Out of Memory Error (t:/workspace/open/src/hotspot/os/windows/os_windows.cpp:3221), pid=19504, tid=21776
#
# JRE version:  (10.0.1+10) (build )
# Java VM: Java HotSpot(TM) 64-Bit Server VM (10.0.1+10, mixed mode, aot, tiered, compressed oops, g1 gc, windows-amd64)
# No core dump will be written. Minidumps are not enabled by default on client versions of Windows
#

---------------  S U M M A R Y ------------

Command Line: -Dfile.encoding=Cp1252 Erstmals

Host: AMD FX(tm)-8150 Eight-Core Processor           , 8 cores, 15G,  Windows 10 , 64 bit Build 18362 (10.0.18362.329)
Time: Fri Nov 08 13:42:06 2019 Mitteleuropäische Zeit elapsed time: 0 seconds (0d 0h 0m 0s)

---------------  T H R E A D  ---------------

Current thread (0x00000235902c0000):  JavaThread "Unknown thread" [_thread_in_vm, id=21776, stack(0x000000ea82f00000,0x000000ea83000000)]

Stack: [0x000000ea82f00000,0x000000ea83000000]
Native frames: (J=compiled Java code, j=interpreted, Vv=VM code, C=native code)
V  [jvm.dll+0x5a0369]
V  [jvm.dll+0x6bcf81]
V  [jvm.dll+0x6be176]
V  [jvm.dll+0x6be803]
V  [jvm.dll+0x234998]
V  [jvm.dll+0x59dc74]
V  [jvm.dll+0x592ab5]
V  [jvm.dll+0x2f625b]
V  [jvm.dll+0x2f61c5]
V  [jvm.dll+0x2f60a2]
V  [jvm.dll+0x2f8286]
V  [jvm.dll+0x3440d3]
V  [jvm.dll+0x3447e6]
V  [jvm.dll+0x3441d3]
V  [jvm.dll+0x2c43b8]
V  [jvm.dll+0x2c5501]
V  [jvm.dll+0x69d33b]
V  [jvm.dll+0x69eb5c]
V  [jvm.dll+0x351849]
V  [jvm.dll+0x6859c2]
V  [jvm.dll+0x3ba0a3]
V  [jvm.dll+0x3bc201]
C  [javaw.exe+0x3541]
C  [javaw.exe+0xe1cf]
C  [javaw.exe+0xe376]
C  [KERNEL32.DLL+0x17bd4]
C  [ntdll.dll+0x6ced1]


---------------  P R O C E S S  ---------------

Threads class SMR info:
_java_thread_list=0x00000235900fa320, length=0, elements={
}

Java Threads: ( => current thread )

Other Threads:
  0x00000235902da000 GCTaskThread "GC Thread#0" [stack: 0x000000ea83000000,0x000000ea83100000] [id=28332]
  0x00000235902dc000 GCTaskThread "GC Thread#1" [stack: 0x000000ea83100000,0x000000ea83200000] [id=26348]
  0x00000235902de000 GCTaskThread "GC Thread#2" [stack: 0x000000ea83200000,0x000000ea83300000] [id=14852]
  0x00000235902e1800 GCTaskThread "GC Thread#3" [stack: 0x000000ea83300000,0x000000ea83400000] [id=23240]
  0x00000235902e3800 GCTaskThread "GC Thread#4" [stack: 0x000000ea83400000,0x000000ea83500000] [id=7164]
  0x00000235902e9000 GCTaskThread "GC Thread#5" [stack: 0x000000ea83500000,0x000000ea83600000] [id=25144]
  0x00000235902f3000 GCTaskThread "GC Thread#6" [stack: 0x000000ea83600000,0x000000ea83700000] [id=21632]
  0x00000235902f3800 GCTaskThread "GC Thread#7" [stack: 0x000000ea83700000,0x000000ea83800000] [id=24696]
  0x000002359033e000 ConcurrentGCThread "G1 Main Marker" [stack: 0x000000ea83800000,0x000000ea83900000] [id=14024]
  0x000002359033f000 ConcurrentGCThread "G1 Conc#0" [stack: 0x000000ea83900000,0x000000ea83a00000] [id=27404]
  0x0000023590340000 ConcurrentGCThread "G1 Conc#1" [stack: 0x000000ea83a00000,0x000000ea83b00000] [id=17008]

[error occurred during error reporting (printing all threads), id 0xe0000002]

VM state:not at safepoint (not fully initialized)

VM Mutex/Monitor currently owned by a thread:  ([mutex/lock_event])
[0x00000235902beba0] Heap_lock - owner thread: 0x00000235902c0000

Heap address: 0x00000006c0800000, size: 4088 MB, Compressed Oops mode: Non-zero based: 0x00000006c0800000
Narrow klass base: 0x0000000000000000, Narrow klass shift: 0

GC Heap History (0 events):
No events

Deoptimization events (0 events):
No events

Classes redefined (0 events):
No events

Internal exceptions (0 events):
No events

Events (0 events):
No events


Dynamic libraries:
0x00007ff7e2b00000 - 0x00007ff7e2b3e000 	C:\Program Files\Java\jre-10.0.1\bin\javaw.exe
0x00007ff96de20000 - 0x00007ff96e010000 	C:\WINDOWS\SYSTEM32\ntdll.dll
0x00007ff96ced0000 - 0x00007ff96cf82000 	C:\WINDOWS\System32\KERNEL32.DLL
0x00007ff96b990000 - 0x00007ff96bc33000 	C:\WINDOWS\System32\KERNELBASE.dll
0x00007ff96c670000 - 0x00007ff96c713000 	C:\WINDOWS\System32\ADVAPI32.dll
0x00007ff96c5d0000 - 0x00007ff96c66e000 	C:\WINDOWS\System32\msvcrt.dll
0x00007ff96db40000 - 0x00007ff96dbd7000 	C:\WINDOWS\System32\sechost.dll
0x00007ff96c4b0000 - 0x00007ff96c5d0000 	C:\WINDOWS\System32\RPCRT4.dll
0x00007ff96c0e0000 - 0x00007ff96c274000 	C:\WINDOWS\System32\USER32.dll
0x00007ff96af00000 - 0x00007ff96af21000 	C:\WINDOWS\System32\win32u.dll
0x00007ff96bed0000 - 0x00007ff96bef6000 	C:\WINDOWS\System32\GDI32.dll
0x00007ff96bce0000 - 0x00007ff96be74000 	C:\WINDOWS\System32\gdi32full.dll
0x00007ff96bc40000 - 0x00007ff96bcde000 	C:\WINDOWS\System32\msvcp_win.dll
0x00007ff96b030000 - 0x00007ff96b12a000 	C:\WINDOWS\System32\ucrtbase.dll
0x00007ff95f5e0000 - 0x00007ff95f865000 	C:\WINDOWS\WinSxS\amd64_microsoft.windows.common-controls_6595b64144ccf1df_6.0.18362.418_none_e6c6b287130d565d\COMCTL32.dll
0x00007ff96cb90000 - 0x00007ff96cec6000 	C:\WINDOWS\System32\combase.dll
0x00007ff96b130000 - 0x00007ff96b1b0000 	C:\WINDOWS\System32\bcryptPrimitives.dll
0x00007ff964cb0000 - 0x00007ff964cba000 	C:\WINDOWS\SYSTEM32\VERSION.dll
0x00007ff96bf00000 - 0x00007ff96bf2e000 	C:\WINDOWS\System32\IMM32.DLL
0x00007ff9428e0000 - 0x00007ff9429cf000 	C:\Program Files\Java\jre-10.0.1\bin\msvcr120.dll
0x00007ff9423e0000 - 0x00007ff942486000 	C:\Program Files\Java\jre-10.0.1\bin\msvcp120.dll
0x000000006eac0000 - 0x000000006f530000 	C:\Program Files\Java\jre-10.0.1\bin\server\jvm.dll
0x00007ff96c440000 - 0x00007ff96c448000 	C:\WINDOWS\System32\PSAPI.DLL
0x00007ff9643b0000 - 0x00007ff9643b9000 	C:\WINDOWS\SYSTEM32\WSOCK32.dll
0x00007ff9679b0000 - 0x00007ff9679d4000 	C:\WINDOWS\SYSTEM32\WINMM.dll
0x00007ff96c000000 - 0x00007ff96c06f000 	C:\WINDOWS\System32\WS2_32.dll
0x00007ff967980000 - 0x00007ff9679ad000 	C:\WINDOWS\SYSTEM32\winmmbase.dll
0x00007ff96afe0000 - 0x00007ff96b02a000 	C:\WINDOWS\System32\cfgmgr32.dll
0x00007ff961270000 - 0x00007ff96127f000 	C:\Program Files\Java\jre-10.0.1\bin\verify.dll
0x00007ff963f30000 - 0x00007ff964124000 	C:\WINDOWS\SYSTEM32\DBGHELP.DLL
0x00007ff9614e0000 - 0x00007ff96150a000 	C:\WINDOWS\SYSTEM32\dbgcore.DLL
0x00007ff950d70000 - 0x00007ff950d97000 	C:\Program Files\Java\jre-10.0.1\bin\java.dll
0x00007ff953b40000 - 0x00007ff953b56000 	C:\Program Files\Java\jre-10.0.1\bin\zip.dll
0x00007ff954450000 - 0x00007ff95445a000 	C:\Program Files\Java\jre-10.0.1\bin\jimage.dll

dbghelp: loaded successfully - version: 4.0.5 - missing functions: none
symbol engine: initialized successfully - sym options: 0x614 - pdb path: .;C:\Program Files\Java\jre-10.0.1\bin;C:\WINDOWS\SYSTEM32;C:\WINDOWS\WinSxS\amd64_microsoft.windows.common-controls_6595b64144ccf1df_6.0.18362.418_none_e6c6b287130d565d;C:\Program Files\Java\jre-10.0.1\bin\server

VM Arguments:
jvm_args: -Dfile.encoding=Cp1252 
java_command: Erstmals
java_class_path (initial): G:\HS-Fulda\Studium Digitale Medien\Programmieren_2019\bin
Launcher Type: SUN_STANDARD

Logging:
Log output configuration:
#0: stdout all=warning uptime,level,tags
#1: stderr all=off uptime,level,tags

Environment Variables:
PATH=C:\VulkanSDK\1.1.121.2\Bin;C:\VulkanSDK\1.1.77.0\Bin;C:\Program Files (x86)\Common Files\Oracle\Java\javapath;C:\Program Files (x86)\Common Files\Intel\Shared Libraries\redist\intel64\compiler;C:\WINDOWS\system32;C:\WINDOWS;C:\WINDOWS\System32\Wbem;C:\WINDOWS\System32\WindowsPowerShell\v1.0\;C:\Program Files\Microsoft SQL Server\110\Tools\Binn\;C:\Users\Michel\.dnx\bin;C:\Program Files\Microsoft DNX\Dnvm\;C:\Program Files\Microsoft SQL Server\120\Tools\Binn\;C:\Program Files\MiKTeX 2.9\miktex\bin\x64\;C:\Program Files (x86)\GtkSharp\2.12\bin;C:\Program Files (x86)\NVIDIA Corporation\PhysX\Common;C:\Program Files\Java\jdk-10.0.1\bin;C:\Program Files\dotnet\;C:\WINDOWS\System32\OpenSSH\;C:\Program Files\nodejs\;C:\Program Files\NVIDIA Corporation\NVIDIA NvDLISR;C:\WINDOWS\system32;C:\WINDOWS;C:\WINDOWS\System32\Wbem;C:\WINDOWS\System32\WindowsPowerShell\v1.0\;C:\WINDOWS\System32\OpenSSH\;C:\Users\Michel\AppData\Local\Microsoft\WindowsApps;C:\Users\Michel\AppData\Local\GitHubDesktop\bin;C:\Users\Michel\AppData\Local\Microsoft\WindowsApps;C:\Users\Michel\AppData\Roaming\npm;
USERNAME=Michel
OS=Windows_NT
PROCESSOR_IDENTIFIER=AMD64 Family 21 Model 1 Stepping 2, AuthenticAMD



---------------  S Y S T E M  ---------------

OS: Windows 10 , 64 bit Build 18362 (10.0.18362.329)

CPU:total 8 (initial active 8) (8 cores per cpu, 1 threads per core) family 21 model 1 stepping 2, cmov, cx8, fxsr, mmx, sse, sse2, sse3, ssse3, sse4.1, sse4.2, popcnt, avx, aes, clmul, mmxext, 3dnowpref, lzcnt, sse4a, tsc, tscinvbit, tscinv

Memory: 4k page, physical 16737568k(8191804k free), swap 17786144k(8316k free)

vm_info: Java HotSpot(TM) 64-Bit Server VM (10.0.1+10) for windows-amd64 JRE (10.0.1+10), built on Mar 27 2018 02:27:48 by "mach5one" with MS VC++ 12.0 (VS2013)

END.
